# JRE version: OpenJDK Runtime Environment Corretto-17.0.0.35.1 (17.0+35) (build 17+35-LTS)
# Java VM: OpenJDK 64-Bit Server VM Corretto-17.0.0.35.1 (17+35-LTS, mixed mode, sharing, tiered, compressed oops, compressed class ptrs, g1 gc, windows-amd64)
GC Precious Log:
 CPUs: 8 total, 8 available
 Memory: 7999M
 Large Page Support: Disabled
 NUMA Support: Disabled
 Compressed Oops: Enabled (32-bit)
 Heap Region Size: 1M
 Heap Min Capacity: 8M
 Heap Initial Capacity: 126M
 Heap Max Capacity: 2000M
 Pre-touch: Disabled
 Parallel Workers: 8
 Concurrent Workers: 2
 Concurrent Refinement Workers: 8
 Periodic GC: Disabled
Heap:
 garbage-first heap   total 58368K, used 38880K [0x0000000083000000, 0x0000000100000000)
  region size 1024K, 26 young (26624K), 4 survivors (4096K)
 Metaspace       used 28004K, committed 28416K, reserved 1081344K
  class space    used 3634K, committed 3840K, reserved 1048576K
GC Heap History (16 events):
Event: 2.313 GC heap before
{Heap before GC invocations=0 (full 0):
 garbage-first heap   total 129024K, used 24576K [0x0000000083000000, 0x0000000100000000)
  region size 1024K, 23 young (23552K), 0 survivors (0K)
 Metaspace       used 4886K, committed 5056K, reserved 1056768K
  class space    used 541K, committed 640K, reserved 1048576K
}
Event: 2.323 GC heap after
{Heap after GC invocations=1 (full 0):
 garbage-first heap   total 129024K, used 8165K [0x0000000083000000, 0x0000000100000000)
  region size 1024K, 3 young (3072K), 3 survivors (3072K)
 Metaspace       used 4886K, committed 5056K, reserved 1056768K
  class space    used 541K, committed 640K, reserved 1048576K
}
Event: 2.350 GC heap before
{Heap before GC invocations=1 (full 0):
 garbage-first heap   total 129024K, used 34789K [0x0000000083000000, 0x0000000100000000)
  region size 1024K, 30 young (30720K), 3 survivors (3072K)
 Metaspace       used 4887K, committed 5056K, reserved 1056768K
  class space    used 541K, committed 640K, reserved 1048576K
}
Event: 2.354 GC heap after
{Heap after GC invocations=2 (full 0):
 garbage-first heap   total 129024K, used 8639K [0x0000000083000000, 0x0000000100000000)
  region size 1024K, 1 young (1024K), 1 survivors (1024K)
 Metaspace       used 4887K, committed 5056K, reserved 1056768K
  class space    used 541K, committed 640K, reserved 1048576K
}
Event: 2.584 GC heap before
{Heap before GC invocations=2 (full 0):
 garbage-first heap   total 129024K, used 83391K [0x0000000083000000, 0x0000000100000000)
  region size 1024K, 75 young (76800K), 1 survivors (1024K)
 Metaspace       used 4887K, committed 5056K, reserved 1056768K
  class space    used 541K, committed 640K, reserved 1048576K
}
Event: 2.585 GC heap after
{Heap after GC invocations=3 (full 0):
 garbage-first heap   total 129024K, used 8694K [0x0000000083000000, 0x0000000100000000)
  region size 1024K, 1 young (1024K), 1 survivors (1024K)
 Metaspace       used 4887K, committed 5056K, reserved 1056768K
  class space    used 541K, committed 640K, reserved 1048576K
}
Event: 4.896 GC heap before
{Heap before GC invocations=3 (full 0):
 garbage-first heap   total 129024K, used 83446K [0x0000000083000000, 0x0000000100000000)
  region size 1024K, 75 young (76800K), 1 survivors (1024K)
 Metaspace       used 16953K, committed 17152K, reserved 1064960K
  class space    used 2151K, committed 2240K, reserved 1048576K
}
Event: 4.904 GC heap after
{Heap after GC invocations=4 (full 0):
 garbage-first heap   total 129024K, used 12538K [0x0000000083000000, 0x0000000100000000)
  region size 1024K, 4 young (4096K), 4 survivors (4096K)
 Metaspace       used 16953K, committed 17152K, reserved 1064960K
  class space    used 2151K, committed 2240K, reserved 1048576K
}
Event: 5.599 GC heap before
{Heap before GC invocations=4 (full 0):
 garbage-first heap   total 129024K, used 84218K [0x0000000083000000, 0x0000000100000000)
  region size 1024K, 75 young (76800K), 4 survivors (4096K)
 Metaspace       used 20239K, committed 20480K, reserved 1073152K
  class space    used 2592K, committed 2688K, reserved 1048576K
}
Event: 5.605 GC heap after
{Heap after GC invocations=5 (full 0):
 garbage-first heap   total 129024K, used 14567K [0x0000000083000000, 0x0000000100000000)
  region size 1024K, 6 young (6144K), 6 survivors (6144K)
 Metaspace       used 20239K, committed 20480K, reserved 1073152K
  class space    used 2592K, committed 2688K, reserved 1048576K
}
Event: 5.626 GC heap before
{Heap before GC invocations=5 (full 0):
 garbage-first heap   total 129024K, used 84199K [0x0000000083000000, 0x0000000100000000)
  region size 1024K, 75 young (76800K), 6 survivors (6144K)
 Metaspace       used 20296K, committed 20544K, reserved 1073152K
  class space    used 2594K, committed 2688K, reserved 1048576K
}
Event: 5.634 GC heap after
{Heap after GC invocations=6 (full 0):
 garbage-first heap   total 129024K, used 14993K [0x0000000083000000, 0x0000000100000000)
  region size 1024K, 3 young (3072K), 3 survivors (3072K)
 Metaspace       used 20296K, committed 20544K, reserved 1073152K
  class space    used 2594K, committed 2688K, reserved 1048576K
}
Event: 6.370 GC heap before
{Heap before GC invocations=6 (full 0):
 garbage-first heap   total 129024K, used 22161K [0x0000000083000000, 0x0000000100000000)
  region size 1024K, 12 young (12288K), 3 survivors (3072K)
 Metaspace       used 21309K, committed 21504K, reserved 1073152K
  class space    used 2719K, committed 2816K, reserved 1048576K
}
Event: 6.374 GC heap after
{Heap after GC invocations=7 (full 0):
 garbage-first heap   total 129024K, used 15356K [0x0000000083000000, 0x0000000100000000)
  region size 1024K, 3 young (3072K), 3 survivors (3072K)
 Metaspace       used 21309K, committed 21504K, reserved 1073152K
  class space    used 2719K, committed 2816K, reserved 1048576K
}
Event: 8.679 GC heap before
{Heap before GC invocations=8 (full 0):
 garbage-first heap   total 58368K, used 47100K [0x0000000083000000, 0x0000000100000000)
  region size 1024K, 34 young (34816K), 3 survivors (3072K)
 Metaspace       used 24752K, committed 25024K, reserved 1073152K
  class space    used 3163K, committed 3264K, reserved 1048576K
}
Event: 8.687 GC heap after
{Heap after GC invocations=9 (full 0):
 garbage-first heap   total 58368K, used 17376K [0x0000000083000000, 0x0000000100000000)
  region size 1024K, 4 young (4096K), 4 survivors (4096K)
 Metaspace       used 24752K, committed 25024K, reserved 1073152K
  class space    used 3163K, committed 3264K, reserved 1048576K
}

