# JRE version: OpenJDK Runtime Environment Corretto-17.0.0.35.1 (17.0+35) (build 17+35-LTS)
# Java VM: OpenJDK 64-Bit Server VM Corretto-17.0.0.35.1 (17+35-LTS, mixed mode, sharing, tiered, compressed oops, compressed class ptrs, g1 gc, windows-amd64)
GC Precious Log:
 CPUs: 8 total, 8 available
 Memory: 7999M
 Large Page Support: Disabled
 NUMA Support: Disabled
 Compressed Oops: Enabled (32-bit)
 Heap Region Size: 1M
 Heap Min Capacity: 8M
 Heap Initial Capacity: 126M
 Heap Max Capacity: 2000M
 Pre-touch: Disabled
 Parallel Workers: 8
 Concurrent Workers: 2
 Concurrent Refinement Workers: 8
 Periodic GC: Disabled
Heap:
 garbage-first heap   total 78848K, used 59823K [0x0000000083000000, 0x0000000100000000)
  region size 1024K, 32 young (32768K), 4 survivors (4096K)
 Metaspace       used 75131K, committed 75776K, reserved 1122304K
  class space    used 10304K, committed 10624K, reserved 1048576K
GC Heap History (20 events):
Event: 6.697 GC heap before
{Heap before GC invocations=9 (full 0):
 garbage-first heap   total 58368K, used 18620K [0x0000000083000000, 0x0000000100000000)
  region size 1024K, 5 young (5120K), 4 survivors (4096K)
 Metaspace       used 24914K, committed 25216K, reserved 1073152K
  class space    used 3196K, committed 3328K, reserved 1048576K
}
Event: 6.702 GC heap after
{Heap after GC invocations=10 (full 0):
 garbage-first heap   total 58368K, used 17839K [0x0000000083000000, 0x0000000100000000)
  region size 1024K, 1 young (1024K), 1 survivors (1024K)
 Metaspace       used 24914K, committed 25216K, reserved 1073152K
  class space    used 3196K, committed 3328K, reserved 1048576K
}
Event: 8.200 GC heap before
{Heap before GC invocations=10 (full 0):
 garbage-first heap   total 58368K, used 44463K [0x0000000083000000, 0x0000000100000000)
  region size 1024K, 27 young (27648K), 1 survivors (1024K)
 Metaspace       used 29201K, committed 29632K, reserved 1081344K
  class space    used 3855K, committed 4032K, reserved 1048576K
}
Event: 8.207 GC heap after
{Heap after GC invocations=11 (full 0):
 garbage-first heap   total 116736K, used 19945K [0x0000000083000000, 0x0000000100000000)
  region size 1024K, 3 young (3072K), 3 survivors (3072K)
 Metaspace       used 29201K, committed 29632K, reserved 1081344K
  class space    used 3855K, committed 4032K, reserved 1048576K
}
Event: 8.760 GC heap before
{Heap before GC invocations=11 (full 0):
 garbage-first heap   total 116736K, used 85481K [0x0000000083000000, 0x0000000100000000)
  region size 1024K, 68 young (69632K), 3 survivors (3072K)
 Metaspace       used 31011K, committed 31424K, reserved 1081344K
  class space    used 4041K, committed 4224K, reserved 1048576K
}
Event: 8.764 GC heap after
{Heap after GC invocations=12 (full 0):
 garbage-first heap   total 116736K, used 20859K [0x0000000083000000, 0x0000000100000000)
  region size 1024K, 4 young (4096K), 4 survivors (4096K)
 Metaspace       used 31011K, committed 31424K, reserved 1081344K
  class space    used 4041K, committed 4224K, reserved 1048576K
}
Event: 8.778 GC heap before
{Heap before GC invocations=12 (full 0):
 garbage-first heap   total 116736K, used 85371K [0x0000000083000000, 0x0000000100000000)
  region size 1024K, 68 young (69632K), 4 survivors (4096K)
 Metaspace       used 31011K, committed 31424K, reserved 1081344K
  class space    used 4041K, committed 4224K, reserved 1048576K
}
Event: 8.782 GC heap after
{Heap after GC invocations=13 (full 0):
 garbage-first heap   total 116736K, used 20853K [0x0000000083000000, 0x0000000100000000)
  region size 1024K, 4 young (4096K), 4 survivors (4096K)
 Metaspace       used 31011K, committed 31424K, reserved 1081344K
  class space    used 4041K, committed 4224K, reserved 1048576K
}
Event: 10.265 GC heap before
{Heap before GC invocations=13 (full 0):
 garbage-first heap   total 116736K, used 54645K [0x0000000083000000, 0x0000000100000000)
  region size 1024K, 39 young (39936K), 4 survivors (4096K)
 Metaspace       used 35638K, committed 36096K, reserved 1081344K
  class space    used 4668K, committed 4928K, reserved 1048576K
}
Event: 10.271 GC heap after
{Heap after GC invocations=14 (full 0):
 garbage-first heap   total 116736K, used 22177K [0x0000000083000000, 0x0000000100000000)
  region size 1024K, 5 young (5120K), 5 survivors (5120K)
 Metaspace       used 35638K, committed 36096K, reserved 1081344K
  class space    used 4668K, committed 4928K, reserved 1048576K
}
Event: 12.836 GC heap before
{Heap before GC invocations=15 (full 0):
 garbage-first heap   total 78848K, used 64161K [0x0000000083000000, 0x0000000100000000)
  region size 1024K, 46 young (47104K), 5 survivors (5120K)
 Metaspace       used 48095K, committed 48576K, reserved 1097728K
  class space    used 6382K, committed 6592K, reserved 1048576K
}
Event: 12.844 GC heap after
{Heap after GC invocations=16 (full 0):
 garbage-first heap   total 78848K, used 25551K [0x0000000083000000, 0x0000000100000000)
  region size 1024K, 6 young (6144K), 6 survivors (6144K)
 Metaspace       used 48095K, committed 48576K, reserved 1097728K
  class space    used 6382K, committed 6592K, reserved 1048576K
}
Event: 14.545 GC heap before
{Heap before GC invocations=16 (full 0):
 garbage-first heap   total 78848K, used 62415K [0x0000000083000000, 0x0000000100000000)
  region size 1024K, 43 young (44032K), 6 survivors (6144K)
 Metaspace       used 56760K, committed 57344K, reserved 1105920K
  class space    used 7593K, committed 7872K, reserved 1048576K
}
Event: 14.551 GC heap after
{Heap after GC invocations=17 (full 0):
 garbage-first heap   total 78848K, used 27383K [0x0000000083000000, 0x0000000100000000)
  region size 1024K, 3 young (3072K), 3 survivors (3072K)
 Metaspace       used 56760K, committed 57344K, reserved 1105920K
  class space    used 7593K, committed 7872K, reserved 1048576K
}
Event: 15.023 GC heap before
{Heap before GC invocations=17 (full 0):
 garbage-first heap   total 78848K, used 44791K [0x0000000083000000, 0x0000000100000000)
  region size 1024K, 21 young (21504K), 3 survivors (3072K)
 Metaspace       used 59778K, committed 60288K, reserved 1105920K
  class space    used 8112K, committed 8384K, reserved 1048576K
}
Event: 15.025 GC heap after
{Heap after GC invocations=18 (full 0):
 garbage-first heap   total 78848K, used 27569K [0x0000000083000000, 0x0000000100000000)
  region size 1024K, 3 young (3072K), 3 survivors (3072K)
 Metaspace       used 59778K, committed 60288K, reserved 1105920K
  class space    used 8112K, committed 8384K, reserved 1048576K
}
Event: 16.231 GC heap before
{Heap before GC invocations=19 (full 0):
 garbage-first heap   total 78848K, used 64433K [0x0000000083000000, 0x0000000100000000)
  region size 1024K, 39 young (39936K), 3 survivors (3072K)
 Metaspace       used 66257K, committed 66880K, reserved 1114112K
  class space    used 9056K, committed 9344K, reserved 1048576K
}
Event: 16.237 GC heap after
{Heap after GC invocations=20 (full 0):
 garbage-first heap   total 78848K, used 30246K [0x0000000083000000, 0x0000000100000000)
  region size 1024K, 5 young (5120K), 5 survivors (5120K)
 Metaspace       used 66257K, committed 66880K, reserved 1114112K
  class space    used 9056K, committed 9344K, reserved 1048576K
}
Event: 17.318 GC heap before
{Heap before GC invocations=20 (full 0):
 garbage-first heap   total 78848K, used 64038K [0x0000000083000000, 0x0000000100000000)
  region size 1024K, 38 young (38912K), 5 survivors (5120K)
 Metaspace       used 70305K, committed 70912K, reserved 1114112K
  class space    used 9633K, committed 9920K, reserved 1048576K
}
Event: 17.326 GC heap after
{Heap after GC invocations=21 (full 0):
 garbage-first heap   total 78848K, used 33199K [0x0000000083000000, 0x0000000100000000)
  region size 1024K, 4 young (4096K), 4 survivors (4096K)
 Metaspace       used 70305K, committed 70912K, reserved 1114112K
  class space    used 9633K, committed 9920K, reserved 1048576K
}

